Unity Editor version:    2022.3.18f1 (d29bea25151d)
Branch:                  2022.3/release
Build type:              Release
Batch mode:              YES
macOS version:           Version 14.4.1 (Build 23E224)
Darwin version:          23.4.0
Architecture:            x86_64
Running under Rosetta:   YES
Available memory:        8192 MB
Using pre-set license
Pro License: YES

COMMAND LINE ARGUMENTS:
/Applications/Unity/Hub/Editor/2022.3.18f1/Unity.app/Contents/MacOS/Unity
-adb2
-batchMode
-noUpm
-name
AssetImportWorker0
-projectPath
/Users/briannottagejr/Desktop/School/Unity Projects/FirstProj/gamejam
-logFile
Logs/AssetImportWorker0.log
-srvPort
50144
Successfully changed project path to: /Users/briannottagejr/Desktop/School/Unity Projects/FirstProj/gamejam
/Users/briannottagejr/Desktop/School/Unity Projects/FirstProj/gamejam
[UnityMemory] Configuration Parameters - Can be set up in boot.config
    "memorysetup-bucket-allocator-granularity=16"
    "memorysetup-bucket-allocator-bucket-count=8"
    "memorysetup-bucket-allocator-block-size=33554432"
    "memorysetup-bucket-allocator-block-count=8"
    "memorysetup-main-allocator-block-size=16777216"
    "memorysetup-thread-allocator-block-size=16777216"
    "memorysetup-gfx-main-allocator-block-size=16777216"
    "memorysetup-gfx-thread-allocator-block-size=16777216"
    "memorysetup-cache-allocator-block-size=4194304"
    "memorysetup-typetree-allocator-block-size=2097152"
    "memorysetup-profiler-bucket-allocator-granularity=16"
    "memorysetup-profiler-bucket-allocator-bucket-count=8"
    "memorysetup-profiler-bucket-allocator-block-size=33554432"
    "memorysetup-profiler-bucket-allocator-block-count=8"
    "memorysetup-profiler-allocator-block-size=16777216"
    "memorysetup-profiler-editor-allocator-block-size=1048576"
    "memorysetup-temp-allocator-size-main=16777216"
    "memorysetup-job-temp-allocator-block-size=2097152"
    "memorysetup-job-temp-allocator-block-size-background=1048576"
    "memorysetup-job-temp-allocator-reduction-small-platforms=262144"
    "memorysetup-allocator-temp-initial-block-size-main=262144"
    "memorysetup-allocator-temp-initial-block-size-worker=262144"
    "memorysetup-temp-allocator-size-background-worker=32768"
    "memorysetup-temp-allocator-size-job-worker=262144"
    "memorysetup-temp-allocator-size-preload-manager=33554432"
    "memorysetup-temp-allocator-size-nav-mesh-worker=65536"
    "memorysetup-temp-allocator-size-audio-worker=65536"
    "memorysetup-temp-allocator-size-cloud-worker=32768"
    "memorysetup-temp-allocator-size-gi-baking-worker=262144"
    "memorysetup-temp-allocator-size-gfx=262144"
Player connection [8706720320] Host "[IP] 10.21.11.39 [Port] 0 [Flags] 2 [Guid] 1509168288 [EditorId] 1509168288 [Version] 1048832 [Id] OSXEditor(0,Brians-MacBook-Air-84.local) [Debug] 1 [PackageName] OSXEditor [ProjectName] Editor" joined multi-casting on [225.0.0.222:54997]...

Player connection [8706720320] Host "[IP] 10.21.11.39 [Port] 0 [Flags] 2 [Guid] 1509168288 [EditorId] 1509168288 [Version] 1048832 [Id] OSXEditor(0,Brians-MacBook-Air-84.local) [Debug] 1 [PackageName] OSXEditor [ProjectName] Editor" joined alternative multi-casting on [225.0.0.222:34997]...

[Physics::Module] Initialized MultithreadedJobDispatcher with 7 workers.
Refreshing native plugins compatible for Editor in 14.19 ms, found 2 plugins.
Preloading 0 native plugins for Editor in 0.00 ms.
Initialize engine version: 2022.3.18f1 (d29bea25151d)
[Subsystems] Discovering subsystems at path /Applications/Unity/Hub/Editor/2022.3.18f1/Unity.app/Contents/Resources/UnitySubsystems
[Subsystems] Discovering subsystems at path /Users/briannottagejr/Desktop/School/Unity Projects/FirstProj/gamejam/Assets
GfxDevice: creating device client; threaded=0; jobified=0
 preferred device: Apple M1 (high power)
Metal devices available: 1
0: Apple M1 (high power)
Using device Apple M1 (high power)
Initializing Metal device caps: Apple M1
Initialize mono
Mono path[0] = '/Applications/Unity/Hub/Editor/2022.3.18f1/Unity.app/Contents/Managed'
Mono path[1] = '/Applications/Unity/Hub/Editor/2022.3.18f1/Unity.app/Contents/MonoBleedingEdge/lib/mono/unityjit-macos'
Mono config path = '/Applications/Unity/Hub/Editor/2022.3.18f1/Unity.app/Contents/MonoBleedingEdge/etc'
Using monoOptions --debugger-agent=transport=dt_socket,embedding=1,server=y,suspend=n,address=127.0.0.1:56506
Begin MonoManager ReloadAssembly
Registering precompiled unity dll's ...
Register platform support module: /Applications/Unity/Hub/Editor/2022.3.18f1/Unity.app/Contents/PlaybackEngines/MacStandaloneSupport/UnityEditor.OSXStandalone.Extensions.dll
Registered in 0.002741 seconds.
- Loaded All Assemblies, in  0.601 seconds
Native extension for OSXStandalone target not found
Mono: successfully reloaded assembly
- Finished resetting the current domain, in  0.987 seconds
Domain Reload Profiling: 1589ms
	BeginReloadAssembly (224ms)
		ExecutionOrderSort (0ms)
		DisableScriptedObjects (0ms)
		BackupInstance (0ms)
		ReleaseScriptingObjects (0ms)
		CreateAndSetChildDomain (3ms)
	RebuildCommonClasses (46ms)
	RebuildNativeTypeToScriptingClass (13ms)
	initialDomainReloadingComplete (142ms)
	LoadAllAssembliesAndSetupDomain (175ms)
		LoadAssemblies (223ms)
		RebuildTransferFunctionScriptingTraits (0ms)
		AnalyzeDomain (170ms)
			TypeCache.Refresh (167ms)
				TypeCache.ScanAssembly (151ms)
			ScanForSourceGeneratedMonoScriptInfo (0ms)
			ResolveRequiredComponents (2ms)
	FinalizeReload (988ms)
		ReleaseScriptCaches (0ms)
		RebuildScriptCaches (0ms)
		SetupLoadedEditorAssemblies (844ms)
			LogAssemblyErrors (0ms)
			InitializePlatformSupportModulesInManaged (26ms)
			SetLoadedEditorAssemblies (20ms)
			RefreshPlugins (0ms)
			BeforeProcessingInitializeOnLoad (8ms)
			ProcessInitializeOnLoadAttributes (586ms)
			ProcessInitializeOnLoadMethodAttributes (203ms)
			AfterProcessingInitializeOnLoad (0ms)
			EditorAssembliesLoaded (0ms)
		ExecutionOrderSort2 (0ms)
		AwakeInstancesAfterBackupRestoration (0ms)
========================================================================
Worker process is ready to serve import requests
Begin MonoManager ReloadAssembly
- Loaded All Assemblies, in  1.128 seconds
Refreshing native plugins compatible for Editor in 0.92 ms, found 2 plugins.
Native extension for OSXStandalone target not found
System.Exception: Error! Visual Scripting: couldn't find visual scripting package
  at Unity.VisualScripting.PackageVersionUtility.get_version () [0x00043] in ./Library/PackageCache/com.unity.visualscripting@1.9.1/Editor/VisualScripting.Core/Utilities/PackageVersionUtility.cs:31 
  at Unity.VisualScripting.BoltCoreManifest.get_version () [0x00000] in ./Library/PackageCache/com.unity.visualscripting@1.9.1/Editor/VisualScripting.Core/Plugin/BoltCoreManifest.cs:11 
  at Unity.VisualScripting.PluginManifest.get_currentVersion () [0x00000] in ./Library/PackageCache/com.unity.visualscripting@1.9.1/Editor/VisualScripting.Core/Plugins/PluginManifest.cs:33 
  at Unity.VisualScripting.PluginManifest.get_versionMismatch () [0x00000] in ./Library/PackageCache/com.unity.visualscripting@1.9.1/Editor/VisualScripting.Core/Plugins/PluginManifest.cs:48 
  at Unity.VisualScripting.PluginContainer.Initialize () [0x00525] in ./Library/PackageCache/com.unity.visualscripting@1.9.1/Editor/VisualScripting.Core/Plugins/PluginContainer.cs:208 
  at Unity.VisualScripting.PluginContainer.InitializeOnLoad () [0x00009] in ./Library/PackageCache/com.unity.visualscripting@1.9.1/Editor/VisualScripting.Core/Plugins/PluginContainer.cs:32 
  at Unity.VisualScripting.VSUsageUtility.DoInitializeOnLoadCalls () [0x00034] in ./Library/PackageCache/com.unity.visualscripting@1.9.1/Editor/VisualScripting.Core/Utilities/VSUsageUtility.cs:76 
  at Unity.VisualScripting.VSUsageUtility.set_isVisualScriptingUsed (System.Boolean value) [0x0002c] in ./Library/PackageCache/com.unity.visualscripting@1.9.1/Editor/VisualScripting.Core/Utilities/VSUsageUtility.cs:114 
  at Unity.VisualScripting.VSUsageUtility.CheckAndSetIsVisualScriptingUsed () [0x00032] in ./Library/PackageCache/com.unity.visualscripting@1.9.1/Editor/VisualScripting.Core/Utilities/VSUsageUtility.cs:48 
  at Unity.VisualScripting.VSUsageUtility..cctor () [0x00000] in ./Library/PackageCache/com.unity.visualscripting@1.9.1/Editor/VisualScripting.Core/Utilities/VSUsageUtility.cs:22 
UnityEngine.StackTraceUtility:ExtractStackTrace () (at /Users/bokken/build/output/unity/unity/Runtime/Export/Scripting/StackTrace.cs:37)
UnityEngine.DebugLogHandler:LogFormat (UnityEngine.LogType,UnityEngine.Object,string,object[])
UnityEngine.Logger:Log (UnityEngine.LogType,object)
UnityEngine.Debug:LogError (object)
UnityEditor.EditorAssemblies:ProcessInitializeOnLoadAttributes (System.Type[]) (at /Users/bokken/build/output/unity/unity/Editor/Mono/EditorAssemblies.cs:127)

(Filename: /Users/bokken/build/output/unity/unity/Editor/Mono/EditorAssemblies.cs Line: 127)

Package Manager log level set to [2]
[Package Manager] Server::EnsureServerProcessIsRunning -- launch failed, reason: Unity was launched with the -noUpm command-line argument
[Package Manager] UpmClient::Send -- Unable to send message (not connected to UPM process).
[Package Manager] Cannot connect to Unity Package Manager local server
Mono: successfully reloaded assembly
- Finished resetting the current domain, in  2.655 seconds
Domain Reload Profiling: 3785ms
	BeginReloadAssembly (338ms)
		ExecutionOrderSort (0ms)
		DisableScriptedObjects (41ms)
		BackupInstance (0ms)
		ReleaseScriptingObjects (0ms)
		CreateAndSetChildDomain (35ms)
	RebuildCommonClasses (48ms)
	RebuildNativeTypeToScriptingClass (13ms)
	initialDomainReloadingComplete (120ms)
	LoadAllAssembliesAndSetupDomain (609ms)
		LoadAssemblies (505ms)
		RebuildTransferFunctionScriptingTraits (0ms)
		AnalyzeDomain (258ms)
			TypeCache.Refresh (207ms)
				TypeCache.ScanAssembly (185ms)
			ScanForSourceGeneratedMonoScriptInfo (41ms)
			ResolveRequiredComponents (9ms)
	FinalizeReload (2657ms)
		ReleaseScriptCaches (0ms)
		RebuildScriptCaches (0ms)
		SetupLoadedEditorAssemblies (2249ms)
			LogAssemblyErrors (0ms)
			InitializePlatformSupportModulesInManaged (18ms)
			SetLoadedEditorAssemblies (9ms)
			RefreshPlugins (0ms)
			BeforeProcessingInitializeOnLoad (131ms)
			ProcessInitializeOnLoadAttributes (1992ms)
			ProcessInitializeOnLoadMethodAttributes (97ms)
			AfterProcessingInitializeOnLoad (1ms)
			EditorAssembliesLoaded (0ms)
		ExecutionOrderSort2 (0ms)
		AwakeInstancesAfterBackupRestoration (12ms)
Launching external process: /Applications/Unity/Hub/Editor/2022.3.18f1/Unity.app/Contents/Tools/UnityShaderCompiler
Launched and connected shader compiler UnityShaderCompiler after 0.09 seconds
Refreshing native plugins compatible for Editor in 1.50 ms, found 2 plugins.
Preloading 0 native plugins for Editor in 0.00 ms.
Unloading 3525 Unused Serialized files (Serialized files now loaded: 0)
Unloading 39 unused Assets / (103.1 KB). Loaded Objects now: 3987.
Memory consumption went from 148.2 MB to 148.1 MB.
Total: 13.121792 ms (FindLiveObjects: 0.220417 ms CreateObjectMapping: 0.101583 ms MarkObjects: 12.341500 ms  DeleteObjects: 0.455000 ms)

AssetImportParameters requested are different than current active one (requested -> active):
  custom:container-demuxer-ogg: 62fdf1f143b41e24485cea50d1cbac27 -> 
  custom:video-decoder-ogg-theora: a1e56fd34408186e4bbccfd4996cb3dc -> 
  custom:CustomObjectIndexerAttribute: 6d391050e5a25f67b0a2c618074f2cd9 -> 
  custom:container-demuxer-webm: 4f35f7cbe854078d1ac9338744f61a02 -> 
  custom:container-muxer-webm: aa71ff27fc2769a1b78a27578f13a17b -> 
  custom:video-decoder-webm-vp8: 9c59270c3fd7afecdb556c50c9e8de78 -> 
  custom:SearchIndexIgnoredProperties: e643bd26f0fe6173181afceb89e7c659 -> 
  custom:AudioImporter_EditorPlatform: 3918e3fc78b5a79bad01e8451be0beb8 -> 
  custom:framework-osx-AVFoundation: e770b220cccbd017edd2c1fefb359320 -> 
  custom:video-encoder-webm-vp8: eb34c28f22e8b96e1ab97ce403110664 -> 
  custom:audio-decoder-ogg-vorbis: bf7c407c2cedff20999df2af8eb42d56 -> 
  custom:audio-encoder-webm-vorbis: bf7c407c2cedff20999df2af8eb42d56 -> 
========================================================================
Received Import Request.
  Time since last request: 8040.898217 seconds.
  path: Assets/Art/Reboot Crush.ttf
  artifactKey: Guid(67a7b9c1aba024a33a1dfaf860c77e19) Importer(815301076,1909f56bfc062723c751e8b465ee728b)
Start importing Assets/Art/Reboot Crush.ttf using Guid(67a7b9c1aba024a33a1dfaf860c77e19) Importer(815301076,1909f56bfc062723c751e8b465ee728b)  -> (artifact id: 'd90da44a64dc35d5b6eded2ce6a1fe9a') in 0.472731 seconds
Number of updated asset objects reloaded before import = 0
Number of asset objects unloaded after import = 4
========================================================================
Received Import Request.
  Time since last request: 37.711894 seconds.
  path: Assets/Art/Reboot Crush SDF.asset
  artifactKey: Guid(3528769876bee4cbd934824fa36f6183) Importer(815301076,1909f56bfc062723c751e8b465ee728b)
Start importing Assets/Art/Reboot Crush SDF.asset using Guid(3528769876bee4cbd934824fa36f6183) Importer(815301076,1909f56bfc062723c751e8b465ee728b)  -> (artifact id: '792545422ffee7f07127c3d741671fc5') in 0.126666 seconds
Number of updated asset objects reloaded before import = 0
Number of asset objects unloaded after import = 6
========================================================================
Received Import Request.
  Time since last request: 4.623432 seconds.
  path: Assets/Art/ethereal
  artifactKey: Guid(44cd06920221f4942b1313baae4d038d) Importer(815301076,1909f56bfc062723c751e8b465ee728b)
Start importing Assets/Art/ethereal using Guid(44cd06920221f4942b1313baae4d038d) Importer(815301076,1909f56bfc062723c751e8b465ee728b)  -> (artifact id: '6bf98a39d091bfdc2869b56bb3e0db5f') in 0.000596 seconds
Number of updated asset objects reloaded before import = 0
Number of asset objects unloaded after import = 0
========================================================================
Received Import Request.
  Time since last request: 18.216185 seconds.
  path: Assets/Art/ethereal/EtherealDemoFont-Black.otf
  artifactKey: Guid(c70cd5dc958614de992c97c710e1f2d1) Importer(815301076,1909f56bfc062723c751e8b465ee728b)
Start importing Assets/Art/ethereal/EtherealDemoFont-Black.otf using Guid(c70cd5dc958614de992c97c710e1f2d1) Importer(815301076,1909f56bfc062723c751e8b465ee728b)  -> (artifact id: '651da315ee25c8f08696cd6be2c0df7b') in 0.020712 seconds
Number of updated asset objects reloaded before import = 0
Number of asset objects unloaded after import = 4
========================================================================
Received Import Request.
  Time since last request: 0.000134 seconds.
  path: Assets/Art/ethereal/EtherealDemoFont-Thin.otf
  artifactKey: Guid(f2bb411e680c2489e9e6184244ff7383) Importer(815301076,1909f56bfc062723c751e8b465ee728b)
Start importing Assets/Art/ethereal/EtherealDemoFont-Thin.otf using Guid(f2bb411e680c2489e9e6184244ff7383) Importer(815301076,1909f56bfc062723c751e8b465ee728b)  -> (artifact id: '439e52f5465db7dba158601e5acec7f7') in 0.011184 seconds
Number of updated asset objects reloaded before import = 0
Number of asset objects unloaded after import = 4
========================================================================
Received Import Request.
  Time since last request: 0.000167 seconds.
  path: Assets/Art/ethereal/EtherealDemoFont-ExtraLight.otf
  artifactKey: Guid(ab094d28148324084a95ce7204541892) Importer(815301076,1909f56bfc062723c751e8b465ee728b)
Start importing Assets/Art/ethereal/EtherealDemoFont-ExtraLight.otf using Guid(ab094d28148324084a95ce7204541892) Importer(815301076,1909f56bfc062723c751e8b465ee728b)  -> (artifact id: 'b76dbbdc8d744765981bfd4f2bd78bf4') in 0.011735 seconds
Number of updated asset objects reloaded before import = 0
Number of asset objects unloaded after import = 4
========================================================================
Received Import Request.
  Time since last request: 0.000232 seconds.
  path: Assets/Art/ethereal/EtherealDemoFont-Medium.otf
  artifactKey: Guid(368964cb59d36492b84266621b0a9d52) Importer(815301076,1909f56bfc062723c751e8b465ee728b)
Start importing Assets/Art/ethereal/EtherealDemoFont-Medium.otf using Guid(368964cb59d36492b84266621b0a9d52) Importer(815301076,1909f56bfc062723c751e8b465ee728b)  -> (artifact id: '9b81a6f110b40f0dfbe40a166b1a4787') in 0.011421 seconds
Number of updated asset objects reloaded before import = 0
Number of asset objects unloaded after import = 4
========================================================================
Received Import Request.
  Time since last request: 0.000115 seconds.
  path: Assets/Art/ethereal/EtherealDemoFont-Light.otf
  artifactKey: Guid(6cd40258260ff44799e8087f00166d20) Importer(815301076,1909f56bfc062723c751e8b465ee728b)
Start importing Assets/Art/ethereal/EtherealDemoFont-Light.otf using Guid(6cd40258260ff44799e8087f00166d20) Importer(815301076,1909f56bfc062723c751e8b465ee728b)  -> (artifact id: '39c8edfc305d676880bb3e2ea7d419ba') in 0.009303 seconds
Number of updated asset objects reloaded before import = 0
Number of asset objects unloaded after import = 4
========================================================================
Received Import Request.
  Time since last request: 0.000050 seconds.
  path: Assets/Art/ethereal/EtherealDemoFont-ExtraBold.otf
  artifactKey: Guid(618b0adbb15fb406488048f18ec9b378) Importer(815301076,1909f56bfc062723c751e8b465ee728b)
Start importing Assets/Art/ethereal/EtherealDemoFont-ExtraBold.otf using Guid(618b0adbb15fb406488048f18ec9b378) Importer(815301076,1909f56bfc062723c751e8b465ee728b)  -> (artifact id: 'c67c0ee1e3d62d24a1a8556b1755a8e8') in 0.010308 seconds
Number of updated asset objects reloaded before import = 0
Number of asset objects unloaded after import = 4
========================================================================
Received Import Request.
  Time since last request: 0.000228 seconds.
  path: Assets/Art/ethereal/EtherealDemoFont-Regular.otf
  artifactKey: Guid(6b38127b3b86a45ae8f930257804d5f0) Importer(815301076,1909f56bfc062723c751e8b465ee728b)
Start importing Assets/Art/ethereal/EtherealDemoFont-Regular.otf using Guid(6b38127b3b86a45ae8f930257804d5f0) Importer(815301076,1909f56bfc062723c751e8b465ee728b)  -> (artifact id: '9caa07a31a7190757c64f6a54e95067a') in 0.008844 seconds
Number of updated asset objects reloaded before import = 0
Number of asset objects unloaded after import = 4
========================================================================
Received Import Request.
  Time since last request: 0.000157 seconds.
  path: Assets/Art/ethereal/EtherealDemoFont-SemiBold.otf
  artifactKey: Guid(ee4ca95fd6cbb426188634906cfd54e6) Importer(815301076,1909f56bfc062723c751e8b465ee728b)
Start importing Assets/Art/ethereal/EtherealDemoFont-SemiBold.otf using Guid(ee4ca95fd6cbb426188634906cfd54e6) Importer(815301076,1909f56bfc062723c751e8b465ee728b)  -> (artifact id: '7fd4581627a8f705fb39e547d4e2c70b') in 0.008240 seconds
Number of updated asset objects reloaded before import = 0
Number of asset objects unloaded after import = 4
========================================================================
Received Import Request.
  Time since last request: 13.152000 seconds.
  path: Assets/Art/ethereal/EtherealDemoFont-Regular SDF.asset
  artifactKey: Guid(8e7748160c58749c7994ec63712db600) Importer(815301076,1909f56bfc062723c751e8b465ee728b)
Start importing Assets/Art/ethereal/EtherealDemoFont-Regular SDF.asset using Guid(8e7748160c58749c7994ec63712db600) Importer(815301076,1909f56bfc062723c751e8b465ee728b)  -> (artifact id: 'cb46907c30ef04d04bde9e498e5a475d') in 0.018798 seconds
Number of updated asset objects reloaded before import = 0
Number of asset objects unloaded after import = 6
========================================================================
Received Import Request.
  Time since last request: 13.080084 seconds.
  path: Assets/TextMesh Pro/Resources/Fonts & Materials/LiberationSans SDF.asset
  artifactKey: Guid(8f586378b4e144a9851e7b34d9b748ee) Importer(815301076,1909f56bfc062723c751e8b465ee728b)
Start importing Assets/TextMesh Pro/Resources/Fonts & Materials/LiberationSans SDF.asset using Guid(8f586378b4e144a9851e7b34d9b748ee) Importer(815301076,1909f56bfc062723c751e8b465ee728b)  -> (artifact id: 'ee0df29a771c1e49b70e44af839a59e7') in 0.051376 seconds
Number of updated asset objects reloaded before import = 0
Number of asset objects unloaded after import = 9
========================================================================
Received Import Request.
  Time since last request: 123.639738 seconds.
  path: Assets/Scripts/Player.asset
  artifactKey: Guid(ea2735fcf667143eeaf95813677f4d3e) Importer(815301076,1909f56bfc062723c751e8b465ee728b)
Start importing Assets/Scripts/Player.asset using Guid(ea2735fcf667143eeaf95813677f4d3e) Importer(815301076,1909f56bfc062723c751e8b465ee728b)  -> (artifact id: 'e0fdbb944242cc3a5abc6d54cdad7464') in 1.014435 seconds
Number of updated asset objects reloaded before import = 0
Number of asset objects unloaded after import = 9
========================================================================
Received Import Request.
  Time since last request: 343.783557 seconds.
  path: Assets/Art/ethereal/EtherealDemoFont-Regular SDF.asset
  artifactKey: Guid(8e7748160c58749c7994ec63712db600) Importer(815301076,1909f56bfc062723c751e8b465ee728b)
Start importing Assets/Art/ethereal/EtherealDemoFont-Regular SDF.asset using Guid(8e7748160c58749c7994ec63712db600) Importer(815301076,1909f56bfc062723c751e8b465ee728b)  -> (artifact id: '94a62ae650ec40862f690a50e87dad96') in 0.057130 seconds
Number of updated asset objects reloaded before import = 0
Number of asset objects unloaded after import = 6
========================================================================
Received Import Request.
  Time since last request: 24.060267 seconds.
  path: Assets/Scenes/start.unity
  artifactKey: Guid(65148bb58436749edb02d4ca53394a24) Importer(815301076,1909f56bfc062723c751e8b465ee728b)
Start importing Assets/Scenes/start.unity using Guid(65148bb58436749edb02d4ca53394a24) Importer(815301076,1909f56bfc062723c751e8b465ee728b)  -> (artifact id: 'b082e4cf60330817bdc8f86dfb7ffaaa') in 0.004122 seconds
Number of updated asset objects reloaded before import = 0
Number of asset objects unloaded after import = 0
========================================================================
Received Import Request.
  Time since last request: 41.392181 seconds.
  path: Assets/Scenes/start 1.unity
  artifactKey: Guid(73b2147673dc24771b357ded673a6b99) Importer(815301076,1909f56bfc062723c751e8b465ee728b)
Start importing Assets/Scenes/start 1.unity using Guid(73b2147673dc24771b357ded673a6b99) Importer(815301076,1909f56bfc062723c751e8b465ee728b)  -> (artifact id: '91f573750141e79cdb90458ef2548518') in 0.000645 seconds
Number of updated asset objects reloaded before import = 0
Number of asset objects unloaded after import = 0
========================================================================
Received Import Request.
  Time since last request: 8.508622 seconds.
  path: Assets/Scenes/end scene.unity
  artifactKey: Guid(73b2147673dc24771b357ded673a6b99) Importer(815301076,1909f56bfc062723c751e8b465ee728b)
Start importing Assets/Scenes/end scene.unity using Guid(73b2147673dc24771b357ded673a6b99) Importer(815301076,1909f56bfc062723c751e8b465ee728b)  -> (artifact id: 'f5e6eea892648686cc97f5f50f6cfbb8') in 0.000375 seconds
Number of updated asset objects reloaded before import = 0
Number of asset objects unloaded after import = 0
========================================================================
Received Import Request.
  Time since last request: 75.901699 seconds.
  path: Assets/button.asset
  artifactKey: Guid(c206c6fcfcdea4171947f2a88efe09b8) Importer(815301076,1909f56bfc062723c751e8b465ee728b)
Start importing Assets/button.asset using Guid(c206c6fcfcdea4171947f2a88efe09b8) Importer(815301076,1909f56bfc062723c751e8b465ee728b)  -> (artifact id: 'b5ba4aa4e0e4e60954689e8bfc71ac3b') in 0.045564 seconds
Number of updated asset objects reloaded before import = 0
Number of asset objects unloaded after import = 1
========================================================================
Received Import Request.
  Time since last request: 6.277733 seconds.
  path: Assets/Scenes/SampleScene.unity
  artifactKey: Guid(9fc0d4010bbf28b4594072e72b8655ab) Importer(815301076,1909f56bfc062723c751e8b465ee728b)
Start importing Assets/Scenes/SampleScene.unity using Guid(9fc0d4010bbf28b4594072e72b8655ab) Importer(815301076,1909f56bfc062723c751e8b465ee728b)  -> (artifact id: '54524b8c4ee269bf8e592f282448f1c7') in 0.000589 seconds
Number of updated asset objects reloaded before import = 0
Number of asset objects unloaded after import = 0
========================================================================
Received Import Request.
  Time since last request: 11.337723 seconds.
  path: Assets/RobotSphere/Assets/Prefab/robotSphere.prefab
  artifactKey: Guid(8e0f285c21cdcf14e8d5c06c57ba936b) Importer(815301076,1909f56bfc062723c751e8b465ee728b)
Start importing Assets/RobotSphere/Assets/Prefab/robotSphere.prefab using Guid(8e0f285c21cdcf14e8d5c06c57ba936b) Importer(815301076,1909f56bfc062723c751e8b465ee728b)  -> (artifact id: '4317db310a9e8e5db49bf9dd2eb11a6c') in 0.191246 seconds
Number of updated asset objects reloaded before import = 0
Number of asset objects unloaded after import = 281
========================================================================
Received Import Request.
  Time since last request: 3.724168 seconds.
  path: Assets/RobotSphere/Assets/Prefab/Player.prefab
  artifactKey: Guid(826dc2526a53241f7a8bfbf002122439) Importer(815301076,1909f56bfc062723c751e8b465ee728b)
Start importing Assets/RobotSphere/Assets/Prefab/Player.prefab using Guid(826dc2526a53241f7a8bfbf002122439) Importer(815301076,1909f56bfc062723c751e8b465ee728b)  -> (artifact id: '031482d2c2d17d5c729d72ffd55c94e2') in 0.132414 seconds
Number of updated asset objects reloaded before import = 0
Number of asset objects unloaded after import = 511
========================================================================
Received Import Request.
  Time since last request: 7.839261 seconds.
  path: Assets/Scenes/start.unity
  artifactKey: Guid(65148bb58436749edb02d4ca53394a24) Importer(815301076,1909f56bfc062723c751e8b465ee728b)
Start importing Assets/Scenes/start.unity using Guid(65148bb58436749edb02d4ca53394a24) Importer(815301076,1909f56bfc062723c751e8b465ee728b)  -> (artifact id: 'eb5dfef7e42baa9f3fbe36cf6dfe4f2b') in 0.001859 seconds
Number of updated asset objects reloaded before import = 0
Number of asset objects unloaded after import = 0
========================================================================
Received Import Request.
  Time since last request: 96.740442 seconds.
  path: Assets/Scenes/SampleScene.unity
  artifactKey: Guid(9fc0d4010bbf28b4594072e72b8655ab) Importer(815301076,1909f56bfc062723c751e8b465ee728b)
Start importing Assets/Scenes/SampleScene.unity using Guid(9fc0d4010bbf28b4594072e72b8655ab) Importer(815301076,1909f56bfc062723c751e8b465ee728b)  -> (artifact id: '4dcdc9d10fc2d0613131514b7e9c130a') in 0.005223 seconds
Number of updated asset objects reloaded before import = 0
Number of asset objects unloaded after import = 0
